<?xml version="1.0" encoding="UTF-8"?>
<!-- Generated by org.testng.reporters.JUnitReportReporter -->
<testsuite hostname="LAPTOP-8LOUFHRQ" failures="0" tests="1" name="ojosanco.tests.ErrorValidationsTest" time="6.654" errors="0" timestamp="2025-01-03T09:52:47 ICT" skipped="0">
  <testcase classname="ojosanco.tests.ErrorValidationsTest" name="loginErrorValidation" time="6.654"/>
</testsuite> <!-- ojosanco.tests.ErrorValidationsTest -->
