<?xml version="1.0" encoding="UTF-8"?>
<!-- Generated by org.testng.reporters.JUnitReportReporter -->
<testsuite hostname="LAPTOP-8LOUFHRQ" failures="0" tests="2" name="ojosanco.tests.ErrorLoginTest" time="14.783" errors="0" timestamp="2025-01-22T12:20:38 ICT" skipped="1">
  <testcase classname="ojosanco.tests.ErrorLoginTest" name="confirmErrorForgotPassword" time="14.783"/>
  <testcase classname="ojosanco.tests.ErrorLoginTest" name="loginErrorValidation">
    <skipped/>
  </testcase> <!-- loginErrorValidation -->
</testsuite> <!-- ojosanco.tests.ErrorLoginTest -->
