<?xml version="1.0" encoding="UTF-8"?>
<!-- Generated by org.testng.reporters.JUnitReportReporter -->
<testsuite hostname="LAPTOP-8LOUFHRQ" failures="0" tests="2" name="ojosanco.tests.CartTest" time="74.797" errors="0" timestamp="2025-01-21T14:46:27 ICT" skipped="0">
  <testcase classname="ojosanco.tests.CartTest" name="addMultipleProductsToCart" time="59.097"/>
  <testcase classname="ojosanco.tests.CartTest" name="OrderHistoryTest" time="15.700"/>
</testsuite> <!-- ojosanco.tests.CartTest -->
