<?xml version="1.0" encoding="UTF-8"?>
<!-- Generated by org.testng.reporters.JUnitReportReporter -->
<testsuite hostname="LAPTOP-8LOUFHRQ" failures="0" tests="2" name="ojosanco.tests.LoginTest" time="14.838" errors="0" timestamp="2025-01-24T10:37:53 ICT" skipped="1">
  <testcase classname="ojosanco.tests.LoginTest" name="testLoginWithValidCredentials" time="14.838"/>
  <testcase classname="ojosanco.tests.LoginTest" name="testLoginWithForgotPassword">
    <skipped/>
  </testcase> <!-- testLoginWithForgotPassword -->
</testsuite> <!-- ojosanco.tests.LoginTest -->
